2022-12-15 22:31:44.874  INFO 812839 --- [restartedMain] c.wiki.jumpspring.JumpspringApplication  : Starting JumpspringApplication using Java 11.0.17 on lsspc with PID 812839 (/home/lss/Documents/code/ScratchPad/SpringBoot/jumpspring/bin/main started by lss in /home/lss/Documents/code/ScratchPad/SpringBoot/jumpspring)
2022-12-15 22:31:44.878  INFO 812839 --- [restartedMain] c.wiki.jumpspring.JumpspringApplication  : No active profile set, falling back to 1 default profile: "default"
2022-12-15 22:31:45.071  INFO 812839 --- [restartedMain] .e.DevToolsPropertyDefaultsPostProcessor : Devtools property defaults active! Set 'spring.devtools.add-properties' to 'false' to disable
2022-12-15 22:31:45.071  INFO 812839 --- [restartedMain] .e.DevToolsPropertyDefaultsPostProcessor : For additional web related logging consider setting the 'logging.level.web' property to 'DEBUG'
2022-12-15 22:31:45.506  INFO 812839 --- [restartedMain] .s.d.r.c.RepositoryConfigurationDelegate : Bootstrapping Spring Data JPA repositories in DEFAULT mode.
2022-12-15 22:31:45.553  INFO 812839 --- [restartedMain] .s.d.r.c.RepositoryConfigurationDelegate : Finished Spring Data repository scanning in 41 ms. Found 3 JPA repository interfaces.
2022-12-15 22:31:46.024  INFO 812839 --- [restartedMain] o.s.b.w.embedded.tomcat.TomcatWebServer  : Tomcat initialized with port(s): 8080 (http)
2022-12-15 22:31:46.034  INFO 812839 --- [restartedMain] o.apache.catalina.core.StandardService   : Starting service [Tomcat]
2022-12-15 22:31:46.034  INFO 812839 --- [restartedMain] org.apache.catalina.core.StandardEngine  : Starting Servlet engine: [Apache Tomcat/9.0.69]
2022-12-15 22:31:46.109  INFO 812839 --- [restartedMain] o.a.c.c.C.[Tomcat].[localhost].[/]       : Initializing Spring embedded WebApplicationContext
2022-12-15 22:31:46.109  INFO 812839 --- [restartedMain] w.s.c.ServletWebServerApplicationContext : Root WebApplicationContext: initialization completed in 1037 ms
2022-12-15 22:31:46.250  INFO 812839 --- [restartedMain] o.hibernate.jpa.internal.util.LogHelper  : HHH000204: Processing PersistenceUnitInfo [name: default]
2022-12-15 22:31:46.283  INFO 812839 --- [restartedMain] org.hibernate.Version                    : HHH000412: Hibernate ORM core version 5.6.14.Final
2022-12-15 22:31:46.398  INFO 812839 --- [restartedMain] o.hibernate.annotations.common.Version   : HCANN000001: Hibernate Commons Annotations {5.1.2.Final}
2022-12-15 22:31:46.468  INFO 812839 --- [restartedMain] com.zaxxer.hikari.HikariDataSource       : HikariPool-1 - Starting...
2022-12-15 22:31:46.865  INFO 812839 --- [restartedMain] com.zaxxer.hikari.HikariDataSource       : HikariPool-1 - Start completed.
2022-12-15 22:31:46.881  INFO 812839 --- [restartedMain] org.hibernate.dialect.Dialect            : HHH000400: Using dialect: org.hibernate.dialect.MySQL57Dialect
2022-12-15 22:31:47.338  INFO 812839 --- [restartedMain] o.h.e.t.j.p.i.JtaPlatformInitiator       : HHH000490: Using JtaPlatform implementation: [org.hibernate.engine.transaction.jta.platform.internal.NoJtaPlatform]
2022-12-15 22:31:47.343  INFO 812839 --- [restartedMain] j.LocalContainerEntityManagerFactoryBean : Initialized JPA EntityManagerFactory for persistence unit 'default'
2022-12-15 22:31:47.801  INFO 812839 --- [restartedMain] o.s.s.web.DefaultSecurityFilterChain     : Will secure any request with [org.springframework.security.web.session.DisableEncodeUrlFilter@243ac9e1, org.springframework.security.web.context.request.async.WebAsyncManagerIntegrationFilter@6cc7b615, org.springframework.security.web.context.SecurityContextPersistenceFilter@6bf30102, org.springframework.security.web.header.HeaderWriterFilter@105cd035, org.springframework.security.web.csrf.CsrfFilter@9eef655, org.springframework.security.web.authentication.logout.LogoutFilter@7cf9b78a, org.springframework.security.web.authentication.UsernamePasswordAuthenticationFilter@1bc41364, org.springframework.security.web.savedrequest.RequestCacheAwareFilter@784de1c5, org.springframework.security.web.servletapi.SecurityContextHolderAwareRequestFilter@30ba5c4a, org.springframework.security.web.authentication.AnonymousAuthenticationFilter@5b649cc0, org.springframework.security.web.session.SessionManagementFilter@3e09c7cd, org.springframework.security.web.access.ExceptionTranslationFilter@1a72e3b, org.springframework.security.web.access.intercept.FilterSecurityInterceptor@32b24320]
2022-12-15 22:31:47.851  WARN 812839 --- [restartedMain] JpaBaseConfiguration$JpaWebConfiguration : spring.jpa.open-in-view is enabled by default. Therefore, database queries may be performed during view rendering. Explicitly configure spring.jpa.open-in-view to disable this warning
2022-12-15 22:31:48.361  INFO 812839 --- [restartedMain] o.s.b.d.a.OptionalLiveReloadServer       : LiveReload server is running on port 35729
2022-12-15 22:31:48.393  INFO 812839 --- [restartedMain] o.s.b.w.embedded.tomcat.TomcatWebServer  : Tomcat started on port(s): 8080 (http) with context path ''
2022-12-15 22:31:48.406  INFO 812839 --- [restartedMain] c.wiki.jumpspring.JumpspringApplication  : Started JumpspringApplication in 3.802 seconds (JVM running for 4.197)
2022-12-15 22:31:56.381  INFO 812839 --- [http-nio-8080-exec-1] o.a.c.c.C.[Tomcat].[localhost].[/]       : Initializing Spring DispatcherServlet 'dispatcherServlet'
2022-12-15 22:31:56.382  INFO 812839 --- [http-nio-8080-exec-1] o.s.web.servlet.DispatcherServlet        : Initializing Servlet 'dispatcherServlet'
2022-12-15 22:31:56.383  INFO 812839 --- [http-nio-8080-exec-1] o.s.web.servlet.DispatcherServlet        : Completed initialization in 1 ms
2022-12-15 22:31:56.454  INFO 812839 --- [http-nio-8080-exec-2] c.w.j.Question.QuestionController        : page:0, kw:
2022-12-15 22:33:05.160  INFO 812839 --- [http-nio-8080-exec-10] c.w.j.Question.QuestionController        : page:0, kw:
2022-12-15 22:33:14.808  INFO 812839 --- [http-nio-8080-exec-2] c.w.j.Question.QuestionController        : page:0, kw:
2022-12-15 22:33:17.266  INFO 812839 --- [http-nio-8080-exec-8] c.w.j.Question.QuestionController        : page:0, kw:
2022-12-15 22:33:28.865  INFO 812839 --- [SpringApplicationShutdownHook] j.LocalContainerEntityManagerFactoryBean : Closing JPA EntityManagerFactory for persistence unit 'default'
2022-12-15 22:33:28.868  INFO 812839 --- [SpringApplicationShutdownHook] com.zaxxer.hikari.HikariDataSource       : HikariPool-1 - Shutdown initiated...
2022-12-15 22:33:28.977  INFO 812839 --- [SpringApplicationShutdownHook] com.zaxxer.hikari.HikariDataSource       : HikariPool-1 - Shutdown completed.
2022-12-15 23:05:16.683  INFO 826215 --- [main] c.w.j.JumpspringApplicationTests         : Starting JumpspringApplicationTests using Java 11.0.17 on lsspc with PID 826215 (started by lss in /home/lss/Documents/code/ScratchPad/SpringBoot/jumpspring)
2022-12-15 23:05:16.684  INFO 826215 --- [main] c.w.j.JumpspringApplicationTests         : No active profile set, falling back to 1 default profile: "default"
2022-12-15 23:05:17.211  INFO 826215 --- [main] .s.d.r.c.RepositoryConfigurationDelegate : Bootstrapping Spring Data JPA repositories in DEFAULT mode.
2022-12-15 23:05:17.241  INFO 826215 --- [main] .s.d.r.c.RepositoryConfigurationDelegate : Finished Spring Data repository scanning in 26 ms. Found 3 JPA repository interfaces.
2022-12-15 23:05:17.700  INFO 826215 --- [main] o.hibernate.jpa.internal.util.LogHelper  : HHH000204: Processing PersistenceUnitInfo [name: default]
2022-12-15 23:05:17.740  INFO 826215 --- [main] org.hibernate.Version                    : HHH000412: Hibernate ORM core version 5.6.14.Final
2022-12-15 23:05:17.870  INFO 826215 --- [main] o.hibernate.annotations.common.Version   : HCANN000001: Hibernate Commons Annotations {5.1.2.Final}
2022-12-15 23:05:17.945  INFO 826215 --- [main] com.zaxxer.hikari.HikariDataSource       : HikariPool-1 - Starting...
2022-12-15 23:05:18.281  INFO 826215 --- [main] com.zaxxer.hikari.HikariDataSource       : HikariPool-1 - Start completed.
2022-12-15 23:05:18.290  INFO 826215 --- [main] org.hibernate.dialect.Dialect            : HHH000400: Using dialect: org.hibernate.dialect.MySQL57Dialect
2022-12-15 23:05:18.709  INFO 826215 --- [main] o.h.e.t.j.p.i.JtaPlatformInitiator       : HHH000490: Using JtaPlatform implementation: [org.hibernate.engine.transaction.jta.platform.internal.NoJtaPlatform]
2022-12-15 23:05:18.714  INFO 826215 --- [main] j.LocalContainerEntityManagerFactoryBean : Initialized JPA EntityManagerFactory for persistence unit 'default'
2022-12-15 23:05:19.287  INFO 826215 --- [main] o.s.s.web.DefaultSecurityFilterChain     : Will secure any request with [org.springframework.security.web.session.DisableEncodeUrlFilter@6778636f, org.springframework.security.web.context.request.async.WebAsyncManagerIntegrationFilter@2dbf8cfc, org.springframework.security.web.context.SecurityContextPersistenceFilter@382608d0, org.springframework.security.web.header.HeaderWriterFilter@48ba37dc, org.springframework.security.web.csrf.CsrfFilter@7e764e5c, org.springframework.security.web.authentication.logout.LogoutFilter@143900a6, org.springframework.security.web.authentication.UsernamePasswordAuthenticationFilter@ecfff32, org.springframework.security.web.savedrequest.RequestCacheAwareFilter@1e75bef1, org.springframework.security.web.servletapi.SecurityContextHolderAwareRequestFilter@169d5567, org.springframework.security.web.authentication.AnonymousAuthenticationFilter@26c1244c, org.springframework.security.web.session.SessionManagementFilter@10bcbbed, org.springframework.security.web.access.ExceptionTranslationFilter@3b95fce9, org.springframework.security.web.access.intercept.FilterSecurityInterceptor@51bc649e]
2022-12-15 23:05:19.475  WARN 826215 --- [main] JpaBaseConfiguration$JpaWebConfiguration : spring.jpa.open-in-view is enabled by default. Therefore, database queries may be performed during view rendering. Explicitly configure spring.jpa.open-in-view to disable this warning
2022-12-15 23:05:20.122  INFO 826215 --- [main] c.w.j.JumpspringApplicationTests         : Started JumpspringApplicationTests in 3.646 seconds (JVM running for 4.21)
2022-12-15 23:05:20.225  INFO 826215 --- [SpringApplicationShutdownHook] j.LocalContainerEntityManagerFactoryBean : Closing JPA EntityManagerFactory for persistence unit 'default'
2022-12-15 23:05:20.228  INFO 826215 --- [SpringApplicationShutdownHook] com.zaxxer.hikari.HikariDataSource       : HikariPool-1 - Shutdown initiated...
2022-12-15 23:05:20.339  INFO 826215 --- [SpringApplicationShutdownHook] com.zaxxer.hikari.HikariDataSource       : HikariPool-1 - Shutdown completed.
2022-12-15 23:09:04.300  INFO 827821 --- [main] c.w.j.JumpspringApplicationTests         : Starting JumpspringApplicationTests using Java 11.0.17 on lsspc with PID 827821 (started by lss in /home/lss/Documents/code/ScratchPad/SpringBoot/jumpspring)
2022-12-15 23:09:04.301  INFO 827821 --- [main] c.w.j.JumpspringApplicationTests         : No active profile set, falling back to 1 default profile: "default"
2022-12-15 23:09:04.863  INFO 827821 --- [main] .s.d.r.c.RepositoryConfigurationDelegate : Bootstrapping Spring Data JPA repositories in DEFAULT mode.
2022-12-15 23:09:04.894  INFO 827821 --- [main] .s.d.r.c.RepositoryConfigurationDelegate : Finished Spring Data repository scanning in 26 ms. Found 3 JPA repository interfaces.
2022-12-15 23:09:05.290  INFO 827821 --- [main] o.hibernate.jpa.internal.util.LogHelper  : HHH000204: Processing PersistenceUnitInfo [name: default]
2022-12-15 23:09:05.321  INFO 827821 --- [main] org.hibernate.Version                    : HHH000412: Hibernate ORM core version 5.6.14.Final
2022-12-15 23:09:05.426  INFO 827821 --- [main] o.hibernate.annotations.common.Version   : HCANN000001: Hibernate Commons Annotations {5.1.2.Final}
2022-12-15 23:09:05.490  INFO 827821 --- [main] com.zaxxer.hikari.HikariDataSource       : HikariPool-1 - Starting...
2022-12-15 23:09:05.834  INFO 827821 --- [main] com.zaxxer.hikari.HikariDataSource       : HikariPool-1 - Start completed.
2022-12-15 23:09:05.852  INFO 827821 --- [main] org.hibernate.dialect.Dialect            : HHH000400: Using dialect: org.hibernate.dialect.MySQL57Dialect
2022-12-15 23:09:06.277  INFO 827821 --- [main] o.h.e.t.j.p.i.JtaPlatformInitiator       : HHH000490: Using JtaPlatform implementation: [org.hibernate.engine.transaction.jta.platform.internal.NoJtaPlatform]
2022-12-15 23:09:06.282  INFO 827821 --- [main] j.LocalContainerEntityManagerFactoryBean : Initialized JPA EntityManagerFactory for persistence unit 'default'
2022-12-15 23:09:06.882  INFO 827821 --- [main] o.s.s.web.DefaultSecurityFilterChain     : Will secure any request with [org.springframework.security.web.session.DisableEncodeUrlFilter@3f2169e9, org.springframework.security.web.context.request.async.WebAsyncManagerIntegrationFilter@6689bf04, org.springframework.security.web.context.SecurityContextPersistenceFilter@143900a6, org.springframework.security.web.header.HeaderWriterFilter@7d108063, org.springframework.security.web.csrf.CsrfFilter@45ac973, org.springframework.security.web.authentication.logout.LogoutFilter@362fd4e9, org.springframework.security.web.authentication.UsernamePasswordAuthenticationFilter@6a26eee6, org.springframework.security.web.savedrequest.RequestCacheAwareFilter@7f6a6d46, org.springframework.security.web.servletapi.SecurityContextHolderAwareRequestFilter@238a7e3d, org.springframework.security.web.authentication.AnonymousAuthenticationFilter@2b9615cb, org.springframework.security.web.session.SessionManagementFilter@25c06894, org.springframework.security.web.access.ExceptionTranslationFilter@169d5567, org.springframework.security.web.access.intercept.FilterSecurityInterceptor@2a317af7]
2022-12-15 23:09:07.076  WARN 827821 --- [main] JpaBaseConfiguration$JpaWebConfiguration : spring.jpa.open-in-view is enabled by default. Therefore, database queries may be performed during view rendering. Explicitly configure spring.jpa.open-in-view to disable this warning
2022-12-15 23:09:07.787  INFO 827821 --- [main] c.w.j.JumpspringApplicationTests         : Started JumpspringApplicationTests in 3.687 seconds (JVM running for 4.278)
2022-12-15 23:09:07.874  INFO 827821 --- [SpringApplicationShutdownHook] j.LocalContainerEntityManagerFactoryBean : Closing JPA EntityManagerFactory for persistence unit 'default'
2022-12-15 23:09:07.877  INFO 827821 --- [SpringApplicationShutdownHook] com.zaxxer.hikari.HikariDataSource       : HikariPool-1 - Shutdown initiated...
2022-12-15 23:09:07.984  INFO 827821 --- [SpringApplicationShutdownHook] com.zaxxer.hikari.HikariDataSource       : HikariPool-1 - Shutdown completed.
2022-12-15 23:10:37.848  INFO 828634 --- [main] c.w.j.JumpspringApplicationTests         : Starting JumpspringApplicationTests using Java 11.0.17 on lsspc with PID 828634 (started by lss in /home/lss/Documents/code/ScratchPad/SpringBoot/jumpspring)
2022-12-15 23:10:37.849  INFO 828634 --- [main] c.w.j.JumpspringApplicationTests         : No active profile set, falling back to 1 default profile: "default"
2022-12-15 23:10:38.349  INFO 828634 --- [main] .s.d.r.c.RepositoryConfigurationDelegate : Bootstrapping Spring Data JPA repositories in DEFAULT mode.
2022-12-15 23:10:38.378  INFO 828634 --- [main] .s.d.r.c.RepositoryConfigurationDelegate : Finished Spring Data repository scanning in 25 ms. Found 3 JPA repository interfaces.
2022-12-15 23:10:38.784  INFO 828634 --- [main] o.hibernate.jpa.internal.util.LogHelper  : HHH000204: Processing PersistenceUnitInfo [name: default]
2022-12-15 23:10:38.820  INFO 828634 --- [main] org.hibernate.Version                    : HHH000412: Hibernate ORM core version 5.6.14.Final
2022-12-15 23:10:38.940  INFO 828634 --- [main] o.hibernate.annotations.common.Version   : HCANN000001: Hibernate Commons Annotations {5.1.2.Final}
2022-12-15 23:10:39.013  INFO 828634 --- [main] com.zaxxer.hikari.HikariDataSource       : HikariPool-1 - Starting...
2022-12-15 23:10:39.377  INFO 828634 --- [main] com.zaxxer.hikari.HikariDataSource       : HikariPool-1 - Start completed.
2022-12-15 23:10:39.390  INFO 828634 --- [main] org.hibernate.dialect.Dialect            : HHH000400: Using dialect: org.hibernate.dialect.MySQL57Dialect
2022-12-15 23:10:39.815  INFO 828634 --- [main] o.h.e.t.j.p.i.JtaPlatformInitiator       : HHH000490: Using JtaPlatform implementation: [org.hibernate.engine.transaction.jta.platform.internal.NoJtaPlatform]
2022-12-15 23:10:39.820  INFO 828634 --- [main] j.LocalContainerEntityManagerFactoryBean : Initialized JPA EntityManagerFactory for persistence unit 'default'
2022-12-15 23:10:40.525  INFO 828634 --- [main] o.s.s.web.DefaultSecurityFilterChain     : Will secure any request with [org.springframework.security.web.session.DisableEncodeUrlFilter@469bd719, org.springframework.security.web.context.request.async.WebAsyncManagerIntegrationFilter@15405ba1, org.springframework.security.web.context.SecurityContextPersistenceFilter@113cc14d, org.springframework.security.web.header.HeaderWriterFilter@5114c8a1, org.springframework.security.web.csrf.CsrfFilter@79982bcc, org.springframework.security.web.authentication.logout.LogoutFilter@36ce0bc2, org.springframework.security.web.authentication.UsernamePasswordAuthenticationFilter@23e297d9, org.springframework.security.web.savedrequest.RequestCacheAwareFilter@47e70f54, org.springframework.security.web.servletapi.SecurityContextHolderAwareRequestFilter@30a6984c, org.springframework.security.web.authentication.AnonymousAuthenticationFilter@f6e3b67, org.springframework.security.web.session.SessionManagementFilter@f26cd76, org.springframework.security.web.access.ExceptionTranslationFilter@4e553d60, org.springframework.security.web.access.intercept.FilterSecurityInterceptor@7091a016]
2022-12-15 23:10:40.752  WARN 828634 --- [main] JpaBaseConfiguration$JpaWebConfiguration : spring.jpa.open-in-view is enabled by default. Therefore, database queries may be performed during view rendering. Explicitly configure spring.jpa.open-in-view to disable this warning
2022-12-15 23:10:41.413  INFO 828634 --- [main] c.w.j.JumpspringApplicationTests         : Started JumpspringApplicationTests in 3.763 seconds (JVM running for 4.362)
2022-12-15 23:10:41.508  INFO 828634 --- [SpringApplicationShutdownHook] j.LocalContainerEntityManagerFactoryBean : Closing JPA EntityManagerFactory for persistence unit 'default'
2022-12-15 23:10:41.511  INFO 828634 --- [SpringApplicationShutdownHook] com.zaxxer.hikari.HikariDataSource       : HikariPool-1 - Shutdown initiated...
2022-12-15 23:10:41.636  INFO 828634 --- [SpringApplicationShutdownHook] com.zaxxer.hikari.HikariDataSource       : HikariPool-1 - Shutdown completed.
2022-12-15 23:11:47.393  INFO 829247 --- [restartedMain] c.wiki.jumpspring.JumpspringApplication  : Starting JumpspringApplication using Java 11.0.17 on lsspc with PID 829247 (/home/lss/Documents/code/ScratchPad/SpringBoot/jumpspring/bin/main started by lss in /home/lss/Documents/code/ScratchPad/SpringBoot/jumpspring)
2022-12-15 23:11:47.395  INFO 829247 --- [restartedMain] c.wiki.jumpspring.JumpspringApplication  : No active profile set, falling back to 1 default profile: "default"
2022-12-15 23:11:47.595  INFO 829247 --- [restartedMain] .e.DevToolsPropertyDefaultsPostProcessor : Devtools property defaults active! Set 'spring.devtools.add-properties' to 'false' to disable
2022-12-15 23:11:47.595  INFO 829247 --- [restartedMain] .e.DevToolsPropertyDefaultsPostProcessor : For additional web related logging consider setting the 'logging.level.web' property to 'DEBUG'
2022-12-15 23:11:48.028  INFO 829247 --- [restartedMain] .s.d.r.c.RepositoryConfigurationDelegate : Bootstrapping Spring Data JPA repositories in DEFAULT mode.
2022-12-15 23:11:48.064  INFO 829247 --- [restartedMain] .s.d.r.c.RepositoryConfigurationDelegate : Finished Spring Data repository scanning in 30 ms. Found 3 JPA repository interfaces.
2022-12-15 23:11:48.546  INFO 829247 --- [restartedMain] o.s.b.w.embedded.tomcat.TomcatWebServer  : Tomcat initialized with port(s): 8080 (http)
2022-12-15 23:11:48.558  INFO 829247 --- [restartedMain] o.apache.catalina.core.StandardService   : Starting service [Tomcat]
2022-12-15 23:11:48.558  INFO 829247 --- [restartedMain] org.apache.catalina.core.StandardEngine  : Starting Servlet engine: [Apache Tomcat/9.0.69]
2022-12-15 23:11:48.638  INFO 829247 --- [restartedMain] o.a.c.c.C.[Tomcat].[localhost].[/]       : Initializing Spring embedded WebApplicationContext
2022-12-15 23:11:48.639  INFO 829247 --- [restartedMain] w.s.c.ServletWebServerApplicationContext : Root WebApplicationContext: initialization completed in 1044 ms
2022-12-15 23:11:48.799  INFO 829247 --- [restartedMain] o.hibernate.jpa.internal.util.LogHelper  : HHH000204: Processing PersistenceUnitInfo [name: default]
2022-12-15 23:11:48.831  INFO 829247 --- [restartedMain] org.hibernate.Version                    : HHH000412: Hibernate ORM core version 5.6.14.Final
2022-12-15 23:11:48.934  INFO 829247 --- [restartedMain] o.hibernate.annotations.common.Version   : HCANN000001: Hibernate Commons Annotations {5.1.2.Final}
2022-12-15 23:11:48.996  INFO 829247 --- [restartedMain] com.zaxxer.hikari.HikariDataSource       : HikariPool-1 - Starting...
2022-12-15 23:11:49.227  INFO 829247 --- [restartedMain] com.zaxxer.hikari.HikariDataSource       : HikariPool-1 - Start completed.
2022-12-15 23:11:49.237  INFO 829247 --- [restartedMain] org.hibernate.dialect.Dialect            : HHH000400: Using dialect: org.hibernate.dialect.MySQL57Dialect
2022-12-15 23:11:49.662 ERROR 829247 --- [restartedMain] j.LocalContainerEntityManagerFactoryBean : Failed to initialize JPA EntityManagerFactory: [PersistenceUnit: default] Unable to build Hibernate SessionFactory; nested exception is org.hibernate.tool.schema.spi.SchemaManagementException: Schema-validation: missing table [answer]
2022-12-15 23:11:49.662  WARN 829247 --- [restartedMain] ConfigServletWebServerApplicationContext : Exception encountered during context initialization - cancelling refresh attempt: org.springframework.beans.factory.BeanCreationException: Error creating bean with name 'entityManagerFactory' defined in class path resource [org/springframework/boot/autoconfigure/orm/jpa/HibernateJpaConfiguration.class]: Invocation of init method failed; nested exception is javax.persistence.PersistenceException: [PersistenceUnit: default] Unable to build Hibernate SessionFactory; nested exception is org.hibernate.tool.schema.spi.SchemaManagementException: Schema-validation: missing table [answer]
2022-12-15 23:11:49.663  INFO 829247 --- [restartedMain] com.zaxxer.hikari.HikariDataSource       : HikariPool-1 - Shutdown initiated...
2022-12-15 23:11:49.671  INFO 829247 --- [restartedMain] com.zaxxer.hikari.HikariDataSource       : HikariPool-1 - Shutdown completed.
2022-12-15 23:11:49.673  INFO 829247 --- [restartedMain] o.apache.catalina.core.StandardService   : Stopping service [Tomcat]
2022-12-15 23:11:49.684  INFO 829247 --- [restartedMain] ConditionEvaluationReportLoggingListener : 

Error starting ApplicationContext. To display the conditions report re-run your application with 'debug' enabled.
2022-12-15 23:11:49.699 ERROR 829247 --- [restartedMain] o.s.boot.SpringApplication               : Application run failed

org.springframework.beans.factory.BeanCreationException: Error creating bean with name 'entityManagerFactory' defined in class path resource [org/springframework/boot/autoconfigure/orm/jpa/HibernateJpaConfiguration.class]: Invocation of init method failed; nested exception is javax.persistence.PersistenceException: [PersistenceUnit: default] Unable to build Hibernate SessionFactory; nested exception is org.hibernate.tool.schema.spi.SchemaManagementException: Schema-validation: missing table [answer]
	at org.springframework.beans.factory.support.AbstractAutowireCapableBeanFactory.initializeBean(AbstractAutowireCapableBeanFactory.java:1804) ~[spring-beans-5.3.24.jar:5.3.24]
	at org.springframework.beans.factory.support.AbstractAutowireCapableBeanFactory.doCreateBean(AbstractAutowireCapableBeanFactory.java:620) ~[spring-beans-5.3.24.jar:5.3.24]
	at org.springframework.beans.factory.support.AbstractAutowireCapableBeanFactory.createBean(AbstractAutowireCapableBeanFactory.java:542) ~[spring-beans-5.3.24.jar:5.3.24]
	at org.springframework.beans.factory.support.AbstractBeanFactory.lambda$doGetBean$0(AbstractBeanFactory.java:335) ~[spring-beans-5.3.24.jar:5.3.24]
	at org.springframework.beans.factory.support.DefaultSingletonBeanRegistry.getSingleton(DefaultSingletonBeanRegistry.java:234) ~[spring-beans-5.3.24.jar:5.3.24]
	at org.springframework.beans.factory.support.AbstractBeanFactory.doGetBean(AbstractBeanFactory.java:333) ~[spring-beans-5.3.24.jar:5.3.24]
	at org.springframework.beans.factory.support.AbstractBeanFactory.getBean(AbstractBeanFactory.java:208) ~[spring-beans-5.3.24.jar:5.3.24]
	at org.springframework.context.support.AbstractApplicationContext.getBean(AbstractApplicationContext.java:1154) ~[spring-context-5.3.24.jar:5.3.24]
	at org.springframework.context.support.AbstractApplicationContext.finishBeanFactoryInitialization(AbstractApplicationContext.java:908) ~[spring-context-5.3.24.jar:5.3.24]
	at org.springframework.context.support.AbstractApplicationContext.refresh(AbstractApplicationContext.java:583) ~[spring-context-5.3.24.jar:5.3.24]
	at org.springframework.boot.web.servlet.context.ServletWebServerApplicationContext.refresh(ServletWebServerApplicationContext.java:147) ~[spring-boot-2.7.6.jar:2.7.6]
	at org.springframework.boot.SpringApplication.refresh(SpringApplication.java:731) ~[spring-boot-2.7.6.jar:2.7.6]
	at org.springframework.boot.SpringApplication.refreshContext(SpringApplication.java:408) ~[spring-boot-2.7.6.jar:2.7.6]
	at org.springframework.boot.SpringApplication.run(SpringApplication.java:307) ~[spring-boot-2.7.6.jar:2.7.6]
	at org.springframework.boot.SpringApplication.run(SpringApplication.java:1303) ~[spring-boot-2.7.6.jar:2.7.6]
	at org.springframework.boot.SpringApplication.run(SpringApplication.java:1292) ~[spring-boot-2.7.6.jar:2.7.6]
	at com.wiki.jumpspring.JumpspringApplication.main(JumpspringApplication.java:10) ~[main/:na]
	at java.base/jdk.internal.reflect.NativeMethodAccessorImpl.invoke0(Native Method) ~[na:na]
	at java.base/jdk.internal.reflect.NativeMethodAccessorImpl.invoke(NativeMethodAccessorImpl.java:62) ~[na:na]
	at java.base/jdk.internal.reflect.DelegatingMethodAccessorImpl.invoke(DelegatingMethodAccessorImpl.java:43) ~[na:na]
	at java.base/java.lang.reflect.Method.invoke(Method.java:566) ~[na:na]
	at org.springframework.boot.devtools.restart.RestartLauncher.run(RestartLauncher.java:49) ~[spring-boot-devtools-2.7.6.jar:2.7.6]
Caused by: javax.persistence.PersistenceException: [PersistenceUnit: default] Unable to build Hibernate SessionFactory; nested exception is org.hibernate.tool.schema.spi.SchemaManagementException: Schema-validation: missing table [answer]
	at org.springframework.orm.jpa.AbstractEntityManagerFactoryBean.buildNativeEntityManagerFactory(AbstractEntityManagerFactoryBean.java:421) ~[spring-orm-5.3.24.jar:5.3.24]
	at org.springframework.orm.jpa.AbstractEntityManagerFactoryBean.afterPropertiesSet(AbstractEntityManagerFactoryBean.java:396) ~[spring-orm-5.3.24.jar:5.3.24]
	at org.springframework.orm.jpa.LocalContainerEntityManagerFactoryBean.afterPropertiesSet(LocalContainerEntityManagerFactoryBean.java:341) ~[spring-orm-5.3.24.jar:5.3.24]
	at org.springframework.beans.factory.support.AbstractAutowireCapableBeanFactory.invokeInitMethods(AbstractAutowireCapableBeanFactory.java:1863) ~[spring-beans-5.3.24.jar:5.3.24]
	at org.springframework.beans.factory.support.AbstractAutowireCapableBeanFactory.initializeBean(AbstractAutowireCapableBeanFactory.java:1800) ~[spring-beans-5.3.24.jar:5.3.24]
	... 21 common frames omitted
Caused by: org.hibernate.tool.schema.spi.SchemaManagementException: Schema-validation: missing table [answer]
	at org.hibernate.tool.schema.internal.AbstractSchemaValidator.validateTable(AbstractSchemaValidator.java:129) ~[hibernate-core-5.6.14.Final.jar:5.6.14.Final]
	at org.hibernate.tool.schema.internal.GroupedSchemaValidatorImpl.validateTables(GroupedSchemaValidatorImpl.java:42) ~[hibernate-core-5.6.14.Final.jar:5.6.14.Final]
	at org.hibernate.tool.schema.internal.AbstractSchemaValidator.performValidation(AbstractSchemaValidator.java:97) ~[hibernate-core-5.6.14.Final.jar:5.6.14.Final]
	at org.hibernate.tool.schema.internal.AbstractSchemaValidator.doValidation(AbstractSchemaValidator.java:76) ~[hibernate-core-5.6.14.Final.jar:5.6.14.Final]
	at org.hibernate.tool.schema.spi.SchemaManagementToolCoordinator.performDatabaseAction(SchemaManagementToolCoordinator.java:204) ~[hibernate-core-5.6.14.Final.jar:5.6.14.Final]
	at org.hibernate.tool.schema.spi.SchemaManagementToolCoordinator.process(SchemaManagementToolCoordinator.java:85) ~[hibernate-core-5.6.14.Final.jar:5.6.14.Final]
	at org.hibernate.internal.SessionFactoryImpl.<init>(SessionFactoryImpl.java:335) ~[hibernate-core-5.6.14.Final.jar:5.6.14.Final]
	at org.hibernate.boot.internal.SessionFactoryBuilderImpl.build(SessionFactoryBuilderImpl.java:471) ~[hibernate-core-5.6.14.Final.jar:5.6.14.Final]
	at org.hibernate.jpa.boot.internal.EntityManagerFactoryBuilderImpl.build(EntityManagerFactoryBuilderImpl.java:1498) ~[hibernate-core-5.6.14.Final.jar:5.6.14.Final]
	at org.springframework.orm.jpa.vendor.SpringHibernateJpaPersistenceProvider.createContainerEntityManagerFactory(SpringHibernateJpaPersistenceProvider.java:58) ~[spring-orm-5.3.24.jar:5.3.24]
	at org.springframework.orm.jpa.LocalContainerEntityManagerFactoryBean.createNativeEntityManagerFactory(LocalContainerEntityManagerFactoryBean.java:365) ~[spring-orm-5.3.24.jar:5.3.24]
	at org.springframework.orm.jpa.AbstractEntityManagerFactoryBean.buildNativeEntityManagerFactory(AbstractEntityManagerFactoryBean.java:409) ~[spring-orm-5.3.24.jar:5.3.24]
	... 25 common frames omitted

2022-12-15 23:13:15.618  INFO 829917 --- [restartedMain] c.wiki.jumpspring.JumpspringApplication  : Starting JumpspringApplication using Java 11.0.17 on lsspc with PID 829917 (/home/lss/Documents/code/ScratchPad/SpringBoot/jumpspring/bin/main started by lss in /home/lss/Documents/code/ScratchPad/SpringBoot/jumpspring)
2022-12-15 23:13:15.620  INFO 829917 --- [restartedMain] c.wiki.jumpspring.JumpspringApplication  : No active profile set, falling back to 1 default profile: "default"
2022-12-15 23:13:15.794  INFO 829917 --- [restartedMain] .e.DevToolsPropertyDefaultsPostProcessor : Devtools property defaults active! Set 'spring.devtools.add-properties' to 'false' to disable
2022-12-15 23:13:15.795  INFO 829917 --- [restartedMain] .e.DevToolsPropertyDefaultsPostProcessor : For additional web related logging consider setting the 'logging.level.web' property to 'DEBUG'
2022-12-15 23:13:16.211  INFO 829917 --- [restartedMain] .s.d.r.c.RepositoryConfigurationDelegate : Bootstrapping Spring Data JPA repositories in DEFAULT mode.
2022-12-15 23:13:16.252  INFO 829917 --- [restartedMain] .s.d.r.c.RepositoryConfigurationDelegate : Finished Spring Data repository scanning in 35 ms. Found 3 JPA repository interfaces.
2022-12-15 23:13:16.732  INFO 829917 --- [restartedMain] o.s.b.w.embedded.tomcat.TomcatWebServer  : Tomcat initialized with port(s): 8080 (http)
2022-12-15 23:13:16.741  INFO 829917 --- [restartedMain] o.apache.catalina.core.StandardService   : Starting service [Tomcat]
2022-12-15 23:13:16.741  INFO 829917 --- [restartedMain] org.apache.catalina.core.StandardEngine  : Starting Servlet engine: [Apache Tomcat/9.0.69]
2022-12-15 23:13:16.805  INFO 829917 --- [restartedMain] o.a.c.c.C.[Tomcat].[localhost].[/]       : Initializing Spring embedded WebApplicationContext
2022-12-15 23:13:16.806  INFO 829917 --- [restartedMain] w.s.c.ServletWebServerApplicationContext : Root WebApplicationContext: initialization completed in 1011 ms
2022-12-15 23:13:16.940  INFO 829917 --- [restartedMain] o.hibernate.jpa.internal.util.LogHelper  : HHH000204: Processing PersistenceUnitInfo [name: default]
2022-12-15 23:13:16.969  INFO 829917 --- [restartedMain] org.hibernate.Version                    : HHH000412: Hibernate ORM core version 5.6.14.Final
2022-12-15 23:13:17.078  INFO 829917 --- [restartedMain] o.hibernate.annotations.common.Version   : HCANN000001: Hibernate Commons Annotations {5.1.2.Final}
2022-12-15 23:13:17.144  INFO 829917 --- [restartedMain] com.zaxxer.hikari.HikariDataSource       : HikariPool-1 - Starting...
2022-12-15 23:13:17.371  INFO 829917 --- [restartedMain] com.zaxxer.hikari.HikariDataSource       : HikariPool-1 - Start completed.
2022-12-15 23:13:17.381  INFO 829917 --- [restartedMain] org.hibernate.dialect.Dialect            : HHH000400: Using dialect: org.hibernate.dialect.MySQL57Dialect
2022-12-15 23:13:18.628  INFO 829917 --- [restartedMain] o.h.e.t.j.p.i.JtaPlatformInitiator       : HHH000490: Using JtaPlatform implementation: [org.hibernate.engine.transaction.jta.platform.internal.NoJtaPlatform]
2022-12-15 23:13:18.636  INFO 829917 --- [restartedMain] j.LocalContainerEntityManagerFactoryBean : Initialized JPA EntityManagerFactory for persistence unit 'default'
2022-12-15 23:13:19.088  INFO 829917 --- [restartedMain] o.s.s.web.DefaultSecurityFilterChain     : Will secure any request with [org.springframework.security.web.session.DisableEncodeUrlFilter@b5ef304, org.springframework.security.web.context.request.async.WebAsyncManagerIntegrationFilter@4bf443bd, org.springframework.security.web.context.SecurityContextPersistenceFilter@7ac6eade, org.springframework.security.web.header.HeaderWriterFilter@51d9bc1f, org.springframework.security.web.csrf.CsrfFilter@4b32e6fa, org.springframework.security.web.authentication.logout.LogoutFilter@695338ef, org.springframework.security.web.authentication.UsernamePasswordAuthenticationFilter@6b6afe75, org.springframework.security.web.savedrequest.RequestCacheAwareFilter@167d3ed3, org.springframework.security.web.servletapi.SecurityContextHolderAwareRequestFilter@60970433, org.springframework.security.web.authentication.AnonymousAuthenticationFilter@b09fd15, org.springframework.security.web.session.SessionManagementFilter@737bda40, org.springframework.security.web.access.ExceptionTranslationFilter@1ddd396d, org.springframework.security.web.access.intercept.FilterSecurityInterceptor@28d865de]
2022-12-15 23:13:19.137  WARN 829917 --- [restartedMain] JpaBaseConfiguration$JpaWebConfiguration : spring.jpa.open-in-view is enabled by default. Therefore, database queries may be performed during view rendering. Explicitly configure spring.jpa.open-in-view to disable this warning
2022-12-15 23:13:19.628  INFO 829917 --- [restartedMain] o.s.b.d.a.OptionalLiveReloadServer       : LiveReload server is running on port 35729
2022-12-15 23:13:19.655  INFO 829917 --- [restartedMain] o.s.b.w.embedded.tomcat.TomcatWebServer  : Tomcat started on port(s): 8080 (http) with context path ''
2022-12-15 23:13:19.664  INFO 829917 --- [restartedMain] c.wiki.jumpspring.JumpspringApplication  : Started JumpspringApplication in 4.318 seconds (JVM running for 4.742)
2022-12-15 23:17:05.522  INFO 829917 --- [http-nio-8080-exec-1] o.a.c.c.C.[Tomcat].[localhost].[/]       : Initializing Spring DispatcherServlet 'dispatcherServlet'
2022-12-15 23:17:05.522  INFO 829917 --- [http-nio-8080-exec-1] o.s.web.servlet.DispatcherServlet        : Initializing Servlet 'dispatcherServlet'
2022-12-15 23:17:05.524  INFO 829917 --- [http-nio-8080-exec-1] o.s.web.servlet.DispatcherServlet        : Completed initialization in 1 ms
2022-12-15 23:17:05.595  INFO 829917 --- [http-nio-8080-exec-2] c.w.j.Question.QuestionController        : page:0, kw:
2022-12-15 23:17:14.958  INFO 829917 --- [http-nio-8080-exec-7] c.w.j.Question.QuestionController        : page:0, kw:
2022-12-15 23:17:54.027  INFO 829917 --- [http-nio-8080-exec-6] c.w.j.Question.QuestionController        : page:0, kw:
2022-12-15 23:18:03.423  INFO 829917 --- [http-nio-8080-exec-2] c.w.j.Question.QuestionController        : page:0, kw:
2022-12-15 23:18:09.357  INFO 829917 --- [http-nio-8080-exec-2] c.w.j.Question.QuestionController        : page:0, kw:
2022-12-15 23:18:14.749  INFO 829917 --- [http-nio-8080-exec-7] c.w.j.Question.QuestionController        : page:0, kw:
2022-12-15 23:18:16.654  INFO 829917 --- [http-nio-8080-exec-2] c.w.j.Question.QuestionController        : page:0, kw:
